<?xml version="1.0" encoding="UTF-8"?>
<!-- Generated by org.testng.reporters.JUnitXMLReporter -->
<testsuite ignored="0" hostname="DESKTOP-P3UB37M" failures="0" tests="3" name="RegressionSuite" time="111.127" errors="0" timestamp="2023-03-06T07:15:28 IST">
  <testcase classname="com.Shopping.TestCases.LoginTest" name="verifyvalidlogin" time="28.504"/>
  <testcase classname="com.Shopping.TestCases.HomePageTest" name="verifyPageTitle" time="0.612"/>
  <testcase classname="com.Shopping.TestCases.HomePageTest" name="verifyHomePageLanding" time="0.242"/>
</testsuite> <!-- RegressionSuite -->
